<?xml version="1.0" encoding="UTF-8"?>
<!-- Generated by org.testng.reporters.JUnitReportReporter -->
<testsuite skipped="0" hostname="LAPTOP-PV104NIV" name="com.qa.hubspot.tests.HomePageTest" tests="3" failures="0" timestamp="12 Jul 2019 10:25:01 GMT" time="44.206" errors="0">
  <testcase name="verifyHomePageTitle" time="13.984" classname="com.qa.hubspot.tests.HomePageTest"/>
  <testcase name="verifyHomePageheader" time="16.324" classname="com.qa.hubspot.tests.HomePageTest"/>
  <testcase name="verifyLoggedInUserAccountNameTest" time="13.898" classname="com.qa.hubspot.tests.HomePageTest"/>
</testsuite> <!-- com.qa.hubspot.tests.HomePageTest -->
