<?xml version="1.0" encoding="UTF-8"?>
<!-- Generated by org.testng.reporters.JUnitReportReporter -->
<testsuite skipped="0" hostname="LAPTOP-PV104NIV" name="com.qa.hubspot.tests.LoginTest" tests="3" failures="0" timestamp="12 Jul 2019 16:00:36 GMT" time="32.596" errors="0">
  <testcase name="verifyLoginPageTitleTest" time="10.403" classname="com.qa.hubspot.tests.LoginTest"/>
  <testcase name="verifySignUpLinkTest" time="11.176" classname="com.qa.hubspot.tests.LoginTest"/>
  <testcase name="hubSpotLoginTest" time="11.017" classname="com.qa.hubspot.tests.LoginTest"/>
</testsuite> <!-- com.qa.hubspot.tests.LoginTest -->
